=====> Problem detected with division on page 1007 <=====
=====> Problem detected with neume.virga.ve on page 1019 <=====
=====> Problem detected with ' on page 1032 <=====
=====> Problem detected with neume.torculus.resupinus.2.2.dot on page 1036 <=====
=====> Problem detected with neume.torculus.q.2.3.dot on page 1044 <=====
=====> Problem detected with neume.torculus.q.2.3.dot on page 1044 <=====
=====> Problem detected with neume.clivis.dot on page 1054 <=====
=====> Problem detected with neume.podatus.he on page 1074 <=====
=====> Problem detected with neume.scandicus.dot.u2.u2.q.u2.u2.u2 on page 1077 <=====
=====> Problem detected with neume.torculus.reupinus.4.2.2 on page 1097 <=====
=====> Problem detected with cephalicus.2 on page 1099 <=====
=====> Problem detected with cephalicus.2 on page 1102 <=====
=====> Problem detected with cephalicus.2 on page 1103 <=====
=====> Problem detected with clef on page 1134 <=====
=====> Problem detected with ' on page 1158 <=====
=====> Problem detected with he.torculus.2.2 on page 1161 <=====
=====> Problem detected with ' on page 1162 <=====
=====> Problem detected with neume.virga.ve on page 1164 <=====
=====> Problem detected with group.neume.scandicus.2.dot.2.dot on page 1188 <=====
=====> Problem detected with group.neume.scandicus.2.dot.2.dot on page 1188 <=====
=====> Problem detected with neume.virga.ve on page 1189 <=====
=====> Problem detected with neume.torculus.resupinus.u3.d2.u4.dot on page 1193 <=====
=====> Problem detected with neume.virga.ve on page 1195 <=====
=====> Problem detected with neume.torculus.resupinus.u3.d2.u2 on page 1201 <=====
=====> Problem detected with neume.scandicus.dot.u2.q.u2.u2 on page 1204 <=====
=====> Problem detected with neume.scandicus.dot.u2.u2.q.u2 on page 1205 <=====
=====> Problem detected with neume.virga.ve on page 1208 <=====
=====> Problem detected with neume.torculus.q.2.3.dot on page 1212 <=====
=====> Problem detected with neume.scandicus.flexus.liquescent.2.q.2.he.2neume.scandicus.flexus.liquescent.2.q.2.he.2 on page 1217 <=====
=====> Problem detected with neume.virga.ve on page 1221 <=====
=====> Problem detected with ' on page 1229 <=====
=====> Problem detected with neume.clivis.dot on page 1232 <=====
=====> Problem detected with neume.torculus.q.2.3 on page 1235 <=====
=====> Problem detected with neume.torculus.q.2.3.dot on page 1235 <=====
=====> Problem detected with neume.torculus.q.2.3.dot on page 1235 <=====
=====> Problem detected with neume.torculus.q.2.3.dot on page 1239 <=====
=====> Problem detected with neume.torculus.q.2.3.dot on page 1250 <=====
=====> Problem detected with neume.torculus.q.2.3.dot on page 1251 <=====
=====> Problem detected with neume.virga.2.3.dot on page 1254 <=====
=====> Problem detected with neume.torculus.resupinus.2.2.dot on page 1257 <=====
=====> Problem detected with neume.clivis.dot on page 1258 <=====
=====> Problem detected with neume.clivis.dot on page 1258 <=====
=====> Problem detected with neume.torculus.q.2.3 on page 1262 <=====
=====> Problem detected with neume.torculus.q.2.2.2.dot on page 1262 <=====
=====> Problem detected with neume.torculus.q.2.3.dot on page 1262 <=====
=====> Problem detected with neume.torculus.q.2.3.dot on page 1262 <=====
=====> Problem detected with neume.virga.ve on page 1265 <=====
=====> Problem detected with neume.scandicus.dot.u2.u2.q.u2 on page 1266 <=====
=====> Problem detected with neume.torculus.resupinus.3.2 on page 1283 <=====
=====> Problem detected with neume.clivis on page 1287 <=====
=====> Problem detected with neume.torculus.2.dot on page 1293 <=====
=====> Problem detected with neume.torculus.resupinus.ve.2.4.2.dot on page 1308 <=====
=====> Problem detected with neume.torculus.3.3.3 on page 1316 <=====
=====> Problem detected with _groiup.neume.punctum.ve on page 1321 <=====
=====> Problem detected with _groiup.neume.punctum.ve on page 1321 <=====
=====> Problem detected with neume.virga.ve on page 1327 <=====
=====> Problem detected with neume.torculus.3.2.2 on page 1330 <=====
=====> Problem detected with neume.scandicus.dot.u2.u2.q.u2.he on page 1348 <=====
=====> Problem detected with neume.torculus.q.2.2.dot on page 1357 <=====
=====> Problem detected with neume.torculus.q.2.3.dot on page 1357 <=====
=====> Problem detected with neume.torculus.q.2.he.2 on page 1359 <=====
=====> Problem detected with _groiup.neume.torculus.3.2 on page 1365 <=====
=====> Problem detected with _groiup.neume.torculus.3.2 on page 1365 <=====
=====> Problem detected with neume.3.3 on page 1376 <=====
=====> Problem detected with neume on page 1381 <=====
=====> Problem detected with neume.torculus.q.2.3.dot on page 1381 <=====
=====> Problem detected with ' on page 1388 <=====
=====> Problem detected with ' on page 1388 <=====
=====> Problem detected with ' on page 1390.fpbf <=====
=====> Problem detected with ' on page 1390.fpbf <=====
=====> Problem detected with ' on page 1390.fpbf <=====
=====> Problem detected with ' on page 1390.fpbf <=====
=====> Problem detected with ' on page 1391 <=====
=====> Problem detected with neume.porrectus.flexus.d2.u2.d3 on page 1394 <=====
=====> Problem detected with neume.dot on page 1397 <=====
=====> Problem detected with neume.torculus.3.3.3 on page 1401 <=====
=====> Problem detected with ' on page 1408 <=====
=====> Problem detected with neume.compound.dot.u2.u2.q.u2.he.3 on page 1411 <=====
=====> Problem detected with ' on page 1411 <=====
=====> Problem detected with neume.compound.dot.u2.u2.q.u2.he.3 on page 1411 <=====
=====> Problem detected with ' on page 1411 <=====
=====> Problem detected with ' on page 1412 <=====
=====> Problem detected with neume.virga.ve on page 1412 <=====
=====> Problem detected with _neume.porrectus.3.3.ve on page 1413 <=====
=====> Problem detected with _neume.porrectus.3.3.ve on page 1413 <=====
=====> Problem detected with _neume.porrectus.3.3.ve on page 1413 <=====
=====> Problem detected with _neume.punctum.inclinatum.dot on page 1417 <=====
=====> Problem detected with ' on page 1418 <=====
=====> Problem detected with ' on page 1418 <=====
=====> Problem detected with ' on page 1419 <=====
=====> Problem detected with neume.scandicus.dot.u2.u2.q.u2 on page 1419 <=====
=====> Problem detected with ' on page 1419 <=====
=====> Problem detected with ' on page 1420 <=====
=====> Problem detected with ' on page 1420 <=====
=====> Problem detected with neume.scandicus.u2.q.u2.ve.u2 on page 1421 <=====
=====> Problem detected with ' on page 1421 <=====
=====> Problem detected with ' on page 1434 <=====
=====> Problem detected with neume.torculus.resupinus.u3.d3.u2.dot on page 1446 <=====
=====> Problem detected with cephalicus.2 on page 1447 <=====
=====> Problem detected with neume.he.2 on page 1455 <=====
=====> Problem detected with neume.podatus.he on page 1455 <=====
=====> Problem detected with ' on page 1459 <=====
=====> Problem detected with neume.clivis.dot on page 1533 <=====
=====> Problem detected with ' on page 362 <=====
=====> Problem detected with ' on page 370 <=====
=====> Problem detected with neume.torculus.resupinus.ve.2.4.2.dot on page 375 <=====
=====> Problem detected with neume.torculus.q.2.3.dot on page 475 <=====
=====> Problem detected with _part.neume.virga.he on page 484 <=====
=====> Problem detected with group_neume.punctum.he on page 487 <=====
=====> Problem detected with group_neume.punctum.he on page 487 <=====
=====> Problem detected with neume.torculus.q.2.3.dot on page 490 <=====
=====> Problem detected with neume.virga.liquescent.q.2 on page 490 <=====
=====> Problem detected with neume.torculus.q.2.3.dot on page 490 <=====
=====> Problem detected with neume.torculus.respinus.2.2.2.dot on page 491 <=====
=====> Problem detected with neume.torculus.q.2.3.dot on page 491 <=====
=====> Problem detected with neume.torculus.q.2.3.dot on page 491 <=====
=====> Problem detected with neume.torculus.q.2.3.dot on page 492 <=====
=====> Problem detected with neume.torculus.q.2.3.dot on page 492 <=====
=====> Problem detected with neume.torculus.q.2.3.dot on page 492 <=====
=====> Problem detected with neume.torculus.q.2.3.dot on page 492 <=====
=====> Problem detected with neume.torculus.q.2.3.dot on page 492 <=====
=====> Problem detected with neume.torculus.q.2.3.dot on page 492 <=====
=====> Problem detected with neume.torculus.q.2.3.dot on page 493 <=====
=====> Problem detected with neume.torculus.q.2.3.dot on page 493 <=====
=====> Problem detected with neume.virga.liquescent.q.2.he on page 502 <=====
=====> Problem detected with neume.dot on page 504 <=====
=====> Problem detected with neume.dot on page 504 <=====
=====> Problem detected with neume.torculus.q.2.2.dot on page 506 <=====
=====> Problem detected with neume.torculus.q.2.3.dot on page 507 <=====
=====> Problem detected with neume.clivis.dot on page 507 <=====
=====> Problem detected with neume.virga.ve on page 508 <=====
=====> Problem detected with _part.neume.clivis.he.2 on page 509 <=====
=====> Problem detected with neume.he.ve on page 510 <=====
=====> Problem detected with neume.he.ve on page 511 <=====
=====> Problem detected with neume.punctum.he2 on page 517 <=====
=====> Problem detected with ' on page 517 <=====
=====> Problem detected with neume.he.ve on page 525 <=====
=====> Problem detected with neume.torculus.q.2.he.2 on page 528 <=====
=====> Problem detected with neume.torculus.2.q.2.he.2 on page 530 <=====
=====> Problem detected with neume.torculus.q.2.3.dot on page 539 <=====
=====> Problem detected with neume.torculus.q.2.3.dot on page 539 <=====
=====> Problem detected with neume.podatus.he on page 548 <=====
=====> Problem detected with _neume.clivis.3.ve on page 551 <=====
=====> Problem detected with _neume.clivis.3.ve on page 551 <=====
=====> Problem detected with _neume.clivis.3.ve on page 551 <=====
=====> Problem detected with _neume.clivis.3.ve on page 551 <=====
=====> Problem detected with _neume.clivis.3.ve on page 551 <=====
=====> Problem detected with neume.dot.2.d2.u2.q.u2.he.d2 on page 552 <=====
=====> Problem detected with _neume.clivis.3.ve on page 553 <=====
=====> Problem detected with neume.virga.ve on page 555 <=====
=====> Problem detected with neume.4 on page 563 <=====
=====> Problem detected with neume.virga.ve on page 563 <=====
=====> Problem detected with neume.punctum.he.2 on page 567 <=====
=====> Problem detected with ' on page 573 <=====
=====> Problem detected with _neume.torculus.2.3 on page 576 <=====
=====> Problem detected with _neume.torculus.2.3 on page 576 <=====
=====> Problem detected with _neume.torculus.2.3 on page 576 <=====
=====> Problem detected with neume.he.2 on page 591 <=====
=====> Problem detected with neume.he.ve on page 613 <=====
=====> Problem detected with neume.torculus.resupinus.u3.d2.u2.dot on page 625 <=====
=====> Problem detected with neume.he.2 on page 642 <=====
=====> Problem detected with _part.neume.torculus.3.4 on page 643 <=====
=====> Problem detected with _part._part.neume.torculus.3.4 on page 643 <=====
=====> Problem detected with group.neume.scandicus.2.q.2.2.dot on page 652 <=====
=====> Problem detected with __group.neume.torculus.2.2.ve on page 663 <=====
=====> Problem detected with __group.neume.torculus.2.2.ve on page 663 <=====
=====> Problem detected with neume.torculus on page 675 <=====
=====> Problem detected with neume.torculus.q.2.3.dot on page 679 <=====
=====> Problem detected with neume.torculus.q.2.3.dot on page 679 <=====
=====> Problem detected with neume.torculus.flexus.4.2.ve.2 on page 691 <=====
=====> Problem detected with neume.torculus.3.3.2.dot on page 693 <=====
=====> Problem detected with neume.clivis.dot on page 696 <=====
=====> Problem detected with neume.torculus.q.2.3.dot on page 702 <=====
=====> Problem detected with _part.neume.he.torculus.2.3 on page 704 <=====
=====> Problem detected with neume.torculus.resupinus.3.3.ve on page 718 <=====
=====> Problem detected with neume.podatus.he.ve on page 723 <=====
=====> Problem detected with neume.he.ve on page 727 <=====
=====> Problem detected with neume.torculus.resupinus.u3.d2.u2.dot on page 731 <=====
=====> Problem detected with group.division.final on page 737 <=====
=====> Problem detected with neume.virga.ve on page 748 <=====
=====> Problem detected with neume.torculus.resupinus.2.2.dot on page 763 <=====
=====> Problem detected with neume.torculus.resupinus.2.2 on page 763 <=====
=====> Problem detected with neume.clivis on page 778 <=====
=====> Problem detected with neume.clivis on page 778 <=====
=====> Problem detected with neume.clivis on page 778 <=====
=====> Problem detected with neume.clivis on page 778 <=====
=====> Problem detected with neume.clivis on page 778 <=====
=====> Problem detected with neume.clivis on page 778 <=====
=====> Problem detected with neume.clivis on page 778 <=====
=====> Problem detected with neume.clivis on page 779 <=====
=====> Problem detected with neume.clivis on page 782 <=====
=====> Problem detected with neume.clivis on page 783 <=====
=====> Problem detected with neume.clivis on page 783 <=====
=====> Problem detected with neume.torculus.dot.2.dot on page 783 <=====
=====> Problem detected with neume.porrectus.flexus.liquescent.2.2.3 on page 784 <=====
=====> Problem detected with neume.porrectus.flexus.liquescent.2.2.3 on page 793 <=====
=====> Problem detected with neume.porrectus.flexus.liquescent.2.2.4 on page 839 <=====
=====> Problem detected with division.punctum.inclinatum.ve on page 850 <=====
=====> Problem detected with neume.podatus.he.ve on page 851 <=====
=====> Problem detected with neume.podatus.he.ve on page 851 <=====
=====> Problem detected with _grop.neume.clivis.2.dot on page 873 <=====
=====> Problem detected with _grop.neume.clivis.2.dot on page 873 <=====
=====> Problem detected with group.division.final on page 912 <=====
=====> Problem detected with group.division.final on page 912 <=====
=====> Problem detected with group.division.final on page 912 <=====
=====> Problem detected with neume.torculus.he.2.2.5 on page 918 <=====
=====> Problem detected with neume.clivis.dot on page 942 <=====
=====> Problem detected with v on page 942 <=====
=====> Problem detected with neume.torculus.q.2.3.dot on page 965 <=====
=====> Problem detected with ' on page 965 <=====
=====> Problem detected with neume.torculus.q.2.3.dot on page 965 <=====
=====> Problem detected with neume.scandicus.u2.q.u2.u2.dot on page 965 <=====
=====> Problem detected with ' on page 969 <=====
=====> Problem detected with neume.torculus.liquescent.2.2.2.3 on page 975 <=====
=====> Problem detected with neume.torculus.liquescent.2.2.3 on page 975 <=====
=====> Problem detected with neume.torculus.q.2.3.dot on page 976 <=====
=====> Problem detected with neume.torculus.q.2.3.dot on page 976 <=====
=====> Problem detected with neume.torculus.q.2.3.dot on page 976 <=====
=====> Problem detected with neume.torculus.q.2.3.dot on page 980 <=====
=====> Problem detected with neume.scandicus.dot.u2.u2.q.u2 on page 981 <=====
=====> Problem detected with _division.final on page 982 <=====
=====> Problem detected with _division.final on page 982 <=====
=====> Problem detected with _division.final on page 982 <=====
=====> Problem detected with neume.torculus.q.2.3.dot on page 984 <=====
=====> Problem detected with neume.torculus.q.2.3.dot on page 987 <=====
